0 verbose cli C:\Program Files\nodejs\node.exe C:\Program Files\nodejs\node_modules\npm\bin\npm-cli.js
1 info using npm@11.9.0
2 info using node@v24.14.0
3 silly config load:file:C:\Program Files\nodejs\node_modules\npm\npmrc
4 silly config load:file:C:\Users\SAGE\OneDrive\Desktop\codes\Student Tracker\.npmrc
5 silly config load:file:C:\Users\SAGE\.npmrc
6 silly config load:file:C:\Users\SAGE\AppData\Roaming\npm\etc\npmrc
7 verbose title npm install firebase-tools
8 verbose argv "install" "firebase-tools" "--no-save" "--no-audit" "--no-fund" "--loglevel" "error"
9 verbose logfile logs-max:10 dir:C:\Users\SAGE\OneDrive\Desktop\codes\Student Tracker\.firebase-npm-cache\_logs\2026-04-10T21_46_22_899Z-
10 verbose logfile C:\Users\SAGE\OneDrive\Desktop\codes\Student Tracker\.firebase-npm-cache\_logs\2026-04-10T21_46_22_899Z-debug-0.log
11 silly logfile done cleaning log files
12 silly packumentCache heap:4496293888 maxSize:1124073472 maxEntrySize:562036736
13 silly idealTree buildDeps
14 silly fetch manifest firebase-tools@*
15 silly packumentCache full:https://registry.npmjs.org/firebase-tools cache-miss
16 http fetch GET 200 https://registry.npmjs.org/npm 747ms
17 http fetch GET 200 https://registry.npmjs.org/firebase-tools 748ms (cache miss)
18 silly placeDep ROOT firebase-tools@ OK for: student-tracker@1.0.0 want: *
19 verbose type system
20 verbose stack FetchError: Invalid response body while trying to fetch https://registry.npmjs.org/firebase-tools: EPERM: operation not permitted, unlink 'C:\Users\SAGE\OneDrive\Desktop\codes\Student Tracker\.firebase-npm-cache\_cacache\tmp\4935f661'
20 verbose stack     at C:\Program Files\nodejs\node_modules\npm\node_modules\minipass-fetch\lib\body.js:170:15
20 verbose stack     at async Response.json (C:\Program Files\nodejs\node_modules\npm\node_modules\minipass-fetch\lib\body.js:75:17)
20 verbose stack     at async RegistryFetcher.packument (C:\Program Files\nodejs\node_modules\npm\node_modules\pacote\lib\registry.js:98:25)
20 verbose stack     at async RegistryFetcher.manifest (C:\Program Files\nodejs\node_modules\npm\node_modules\pacote\lib\registry.js:128:23)
20 verbose stack     at async #fetchManifest (C:\Program Files\nodejs\node_modules\npm\node_modules\@npmcli\arborist\lib\arborist\build-ideal-tree.js:1214:20)
20 verbose stack     at async #nodeFromEdge (C:\Program Files\nodejs\node_modules\npm\node_modules\@npmcli\arborist\lib\arborist\build-ideal-tree.js:1052:19)
20 verbose stack     at async #buildDepStep (C:\Program Files\nodejs\node_modules\npm\node_modules\@npmcli\arborist\lib\arborist\build-ideal-tree.js:916:11)
20 verbose stack     at async Arborist.buildIdealTree (C:\Program Files\nodejs\node_modules\npm\node_modules\@npmcli\arborist\lib\arborist\build-ideal-tree.js:170:7)
20 verbose stack     at async Promise.all (index 1)
20 verbose stack     at async Arborist.reify (C:\Program Files\nodejs\node_modules\npm\node_modules\@npmcli\arborist\lib\arborist\reify.js:110:5)
21 error code EPERM
22 error syscall unlink
23 error path C:\Users\SAGE\OneDrive\Desktop\codes\Student Tracker\.firebase-npm-cache\_cacache\tmp\4935f661
24 error errno EPERM
25 error FetchError: Invalid response body while trying to fetch https://registry.npmjs.org/firebase-tools: EPERM: operation not permitted, unlink 'C:\Users\SAGE\OneDrive\Desktop\codes\Student Tracker\.firebase-npm-cache\_cacache\tmp\4935f661'
25 error     at C:\Program Files\nodejs\node_modules\npm\node_modules\minipass-fetch\lib\body.js:170:15
25 error     at async Response.json (C:\Program Files\nodejs\node_modules\npm\node_modules\minipass-fetch\lib\body.js:75:17)
25 error     at async RegistryFetcher.packument (C:\Program Files\nodejs\node_modules\npm\node_modules\pacote\lib\registry.js:98:25)
25 error     at async RegistryFetcher.manifest (C:\Program Files\nodejs\node_modules\npm\node_modules\pacote\lib\registry.js:128:23)
25 error     at async #fetchManifest (C:\Program Files\nodejs\node_modules\npm\node_modules\@npmcli\arborist\lib\arborist\build-ideal-tree.js:1214:20)
25 error     at async #nodeFromEdge (C:\Program Files\nodejs\node_modules\npm\node_modules\@npmcli\arborist\lib\arborist\build-ideal-tree.js:1052:19)
25 error     at async #buildDepStep (C:\Program Files\nodejs\node_modules\npm\node_modules\@npmcli\arborist\lib\arborist\build-ideal-tree.js:916:11)
25 error     at async Arborist.buildIdealTree (C:\Program Files\nodejs\node_modules\npm\node_modules\@npmcli\arborist\lib\arborist\build-ideal-tree.js:170:7)
25 error     at async Promise.all (index 1)
25 error     at async Arborist.reify (C:\Program Files\nodejs\node_modules\npm\node_modules\@npmcli\arborist\lib\arborist\reify.js:110:5) {
25 error   code: 'EPERM',
25 error   errno: 'EPERM',
25 error   syscall: 'unlink',
25 error   path: 'C:\\Users\\SAGE\\OneDrive\\Desktop\\codes\\Student Tracker\\.firebase-npm-cache\\_cacache\\tmp\\4935f661',
25 error   type: 'system',
25 error   requiredBy: '.'
25 error }
26 error
26 error The operation was rejected by your operating system.
26 error It's possible that the file was already in use (by a text editor or antivirus),
26 error or that you lack permissions to access it.
26 error
26 error If you believe this might be a permissions issue, please double-check the
26 error permissions of the file and its containing directories, or try running
26 error the command again as root/Administrator.
27 silly unfinished npm timer reify 1775857584044
28 silly unfinished npm timer reify:loadTrees 1775857584046
29 verbose cwd C:\Users\SAGE\OneDrive\Desktop\codes\Student Tracker
30 verbose os Windows_NT 10.0.26200
31 verbose node v24.14.0
32 verbose npm  v11.9.0
33 notice
33 notice New minor version of npm available! 11.9.0 -> 11.12.1
33 notice Changelog: https://github.com/npm/cli/releases/tag/v11.12.1
33 notice To update run: npm install -g npm@11.12.1
33 notice  { force: true, Symbol(proc-log.meta): true }
34 verbose exit 1
35 verbose code 1
36 error A complete log of this run can be found in: C:\Users\SAGE\OneDrive\Desktop\codes\Student Tracker\.firebase-npm-cache\_logs\2026-04-10T21_46_22_899Z-debug-0.log
